[0m13:52:18.893817 [debug] [MainThread]: Sending event: {'category': 'dbt', 'action': 'invocation', 'label': 'start', 'context': [<snowplow_tracker.self_describing_json.SelfDescribingJson object at 0x107577cb0>, <snowplow_tracker.self_describing_json.SelfDescribingJson object at 0x108a9f890>, <snowplow_tracker.self_describing_json.SelfDescribingJson object at 0x108a9f750>]}


============================== 13:52:18.906857 | 898f1108-fbeb-4e90-9868-be1138c07afa ==============================
[0m13:52:18.906857 [info ] [MainThread]: Running with dbt=1.10.9
[0m13:52:18.907101 [debug] [MainThread]: running dbt with arguments {'cache_selected_only': 'False', 'use_colors': 'True', 'indirect_selection': 'eager', 'debug': 'False', 'log_cache_events': 'False', 'no_print': 'None', 'empty': 'None', 'use_experimental_parser': 'False', 'warn_error_options': 'WarnErrorOptionsV2(error=[], warn=[], silence=[])', 'log_format': 'default', 'version_check': 'True', 'partial_parse': 'True', 'target_path': 'None', 'warn_error': 'None', 'log_path': 'logs', 'static_parser': 'True', 'send_anonymous_usage_stats': 'True', 'fail_fast': 'False', 'profiles_dir': '/Users/tanvi/.dbt', 'quiet': 'False', 'printer_width': '80', 'write_json': 'True', 'introspect': 'True', 'invocation_command': 'dbt init netflix'}
[0m13:52:18.928913 [info ] [MainThread]: Creating dbt configuration folder at /Users/tanvi/.dbt
[0m13:52:18.929642 [debug] [MainThread]: Starter project path: /Users/tanvi/Library/Caches/pypoetry/virtualenvs/dbt-SJLpHL0Q-py3.13/lib/python3.13/site-packages/dbt/include/starter_project
[0m13:52:18.931446 [info ] [MainThread]: 
Your new dbt project "netflix" was created!

For more information on how to configure the profiles.yml file,
please consult the dbt documentation here:

  https://docs.getdbt.com/docs/configure-your-profile

One more thing:

Need help? Don't hesitate to reach out to us via GitHub issues or on Slack:

  https://community.getdbt.com/

Happy modeling!

[0m13:52:18.931557 [info ] [MainThread]: Setting up your profile.
[0m13:53:50.256824 [info ] [MainThread]: Profile netflix written to /Users/tanvi/.dbt/profiles.yml using target's profile_template.yml and your supplied values. Run 'dbt debug' to validate the connection.
[0m13:53:50.289796 [debug] [MainThread]: Resource report: {"command_name": "init", "command_success": true, "command_wall_clock_time": 91.41994, "process_in_blocks": "0", "process_kernel_time": 0.111821, "process_mem_max_rss": "129794048", "process_out_blocks": "0", "process_user_time": 0.646173}
[0m13:53:50.290600 [debug] [MainThread]: Command `dbt init` succeeded at 13:53:50.290415 after 91.42 seconds
[0m13:53:50.291143 [debug] [MainThread]: Sending event: {'category': 'dbt', 'action': 'invocation', 'label': 'end', 'context': [<snowplow_tracker.self_describing_json.SelfDescribingJson object at 0x108bc8180>, <snowplow_tracker.self_describing_json.SelfDescribingJson object at 0x108438ef0>, <snowplow_tracker.self_describing_json.SelfDescribingJson object at 0x108c1c8d0>]}
[0m13:53:50.291552 [debug] [MainThread]: Flushing usage events
[0m13:53:51.474704 [debug] [MainThread]: An error was encountered while trying to flush usage events
[0m13:54:01.891307 [debug] [MainThread]: Sending event: {'category': 'dbt', 'action': 'invocation', 'label': 'start', 'context': [<snowplow_tracker.self_describing_json.SelfDescribingJson object at 0x107aa7cb0>, <snowplow_tracker.self_describing_json.SelfDescribingJson object at 0x108fcf890>, <snowplow_tracker.self_describing_json.SelfDescribingJson object at 0x108fcf750>]}


============================== 13:54:01.893028 | 508b4e12-8a01-4970-a587-d0fac03aece4 ==============================
[0m13:54:01.893028 [info ] [MainThread]: Running with dbt=1.10.9
[0m13:54:01.893273 [debug] [MainThread]: running dbt with arguments {'no_print': 'None', 'send_anonymous_usage_stats': 'True', 'debug': 'False', 'quiet': 'False', 'partial_parse': 'True', 'log_path': 'logs', 'warn_error': 'None', 'write_json': 'True', 'target_path': 'None', 'log_cache_events': 'False', 'printer_width': '80', 'static_parser': 'True', 'version_check': 'True', 'empty': 'None', 'cache_selected_only': 'False', 'introspect': 'True', 'invocation_command': 'dbt debug', 'log_format': 'default', 'warn_error_options': 'WarnErrorOptionsV2(error=[], warn=[], silence=[])', 'profiles_dir': '/Users/tanvi/.dbt', 'fail_fast': 'False', 'indirect_selection': 'eager', 'use_colors': 'True', 'use_experimental_parser': 'False'}
[0m13:54:01.900220 [info ] [MainThread]: dbt version: 1.10.9
[0m13:54:01.900400 [info ] [MainThread]: python version: 3.13.3
[0m13:54:01.900569 [info ] [MainThread]: python path: /Users/tanvi/Library/Caches/pypoetry/virtualenvs/dbt-SJLpHL0Q-py3.13/bin/python
[0m13:54:01.900698 [info ] [MainThread]: os info: macOS-15.6-arm64-arm-64bit-Mach-O
[0m13:54:01.920237 [info ] [MainThread]: Using profiles dir at /Users/tanvi/.dbt
[0m13:54:01.920449 [info ] [MainThread]: Using profiles.yml file at /Users/tanvi/.dbt/profiles.yml
[0m13:54:01.920562 [info ] [MainThread]: Using dbt_project.yml file at /Users/tanvi/Documents/Workspace/DBT/dbt_project.yml
[0m13:54:01.920722 [info ] [MainThread]: adapter type: postgres
[0m13:54:01.920814 [info ] [MainThread]: adapter version: 1.9.0
[0m13:54:01.920922 [info ] [MainThread]: Configuration:
[0m13:54:01.921004 [info ] [MainThread]:   profiles.yml file [[32mOK found and valid[0m]
[0m13:54:01.921087 [info ] [MainThread]:   dbt_project.yml file [[31mERROR not found[0m]
[0m13:54:01.921173 [info ] [MainThread]: Required dependencies:
[0m13:54:01.921291 [debug] [MainThread]: Executing "git --help"
[0m13:54:01.932329 [debug] [MainThread]: STDOUT: "b"usage: git [-v | --version] [-h | --help] [-C <path>] [-c <name>=<value>]\n           [--exec-path[=<path>]] [--html-path] [--man-path] [--info-path]\n           [-p | --paginate | -P | --no-pager] [--no-replace-objects] [--bare]\n           [--git-dir=<path>] [--work-tree=<path>] [--namespace=<name>]\n           [--super-prefix=<path>] [--config-env=<name>=<envvar>]\n           <command> [<args>]\n\nThese are common Git commands used in various situations:\n\nstart a working area (see also: git help tutorial)\n   clone     Clone a repository into a new directory\n   init      Create an empty Git repository or reinitialize an existing one\n\nwork on the current change (see also: git help everyday)\n   add       Add file contents to the index\n   mv        Move or rename a file, a directory, or a symlink\n   restore   Restore working tree files\n   rm        Remove files from the working tree and from the index\n\nexamine the history and state (see also: git help revisions)\n   bisect    Use binary search to find the commit that introduced a bug\n   diff      Show changes between commits, commit and working tree, etc\n   grep      Print lines matching a pattern\n   log       Show commit logs\n   show      Show various types of objects\n   status    Show the working tree status\n\ngrow, mark and tweak your common history\n   branch    List, create, or delete branches\n   commit    Record changes to the repository\n   merge     Join two or more development histories together\n   rebase    Reapply commits on top of another base tip\n   reset     Reset current HEAD to the specified state\n   switch    Switch branches\n   tag       Create, list, delete or verify a tag object signed with GPG\n\ncollaborate (see also: git help workflows)\n   fetch     Download objects and refs from another repository\n   pull      Fetch from and integrate with another repository or a local branch\n   push      Update remote refs along with associated objects\n\n'git help -a' and 'git help -g' list available subcommands and some\nconcept guides. See 'git help <command>' or 'git help <concept>'\nto read about a specific subcommand or concept.\nSee 'git help git' for an overview of the system.\n""
[0m13:54:01.932745 [debug] [MainThread]: STDERR: "b''"
[0m13:54:01.932877 [info ] [MainThread]:  - git [[32mOK found[0m]

[0m13:54:01.933000 [info ] [MainThread]: Connection:
[0m13:54:01.933109 [info ] [MainThread]:   host: localhost
[0m13:54:01.933203 [info ] [MainThread]:   port: 5432
[0m13:54:01.933297 [info ] [MainThread]:   user: postgres
[0m13:54:01.933437 [info ] [MainThread]:   database: dbt
[0m13:54:01.933588 [info ] [MainThread]:   schema: netflix
[0m13:54:01.933683 [info ] [MainThread]:   connect_timeout: 10
[0m13:54:01.933776 [info ] [MainThread]:   role: None
[0m13:54:01.933864 [info ] [MainThread]:   search_path: None
[0m13:54:01.933942 [info ] [MainThread]:   keepalives_idle: 0
[0m13:54:01.934018 [info ] [MainThread]:   sslmode: None
[0m13:54:01.934095 [info ] [MainThread]:   sslcert: None
[0m13:54:01.934169 [info ] [MainThread]:   sslkey: None
[0m13:54:01.934243 [info ] [MainThread]:   sslrootcert: None
[0m13:54:01.934315 [info ] [MainThread]:   application_name: dbt
[0m13:54:01.934388 [info ] [MainThread]:   retries: 1
[0m13:54:01.934620 [info ] [MainThread]: Registered adapter: postgres=1.9.0
[0m13:54:01.984826 [debug] [MainThread]: Acquiring new postgres connection 'debug'
[0m13:54:02.004066 [debug] [MainThread]: Using postgres connection "debug"
[0m13:54:02.004226 [debug] [MainThread]: On debug: select 1 as id
[0m13:54:02.004321 [debug] [MainThread]: Opening a new connection, currently in state init
[0m13:54:02.020553 [debug] [MainThread]: Postgres adapter: Got a retryable error when attempting to open a postgres connection.
1 attempts remaining. Retrying in 0 seconds.
Error:
connection to server at "localhost" (::1), port 5432 failed: FATAL:  password authentication failed for user "postgres"

[0m13:54:02.026474 [debug] [MainThread]: Postgres adapter: Error running SQL: select 1 as id
[0m13:54:02.026590 [debug] [MainThread]: Postgres adapter: Rolling back transaction.
[0m13:54:02.026690 [debug] [MainThread]: On debug: No close available on handle
[0m13:54:02.026801 [info ] [MainThread]:   Connection test: [[31mERROR[0m]

[0m13:54:02.026954 [info ] [MainThread]: [31m2 checks failed:[0m
[0m13:54:02.027043 [info ] [MainThread]: Project loading failed for the following reason:
 project path </Users/tanvi/Documents/Workspace/DBT/dbt_project.yml> not found

[0m13:54:02.027140 [info ] [MainThread]: dbt was unable to connect to the specified database.
The database returned the following error:

  >Database Error
  connection to server at "localhost" (::1), port 5432 failed: FATAL:  password authentication failed for user "postgres"
  

Check your database credentials and try again. For more information, visit:
https://docs.getdbt.com/docs/configure-your-profile


[0m13:54:02.028218 [debug] [MainThread]: Resource report: {"command_name": "debug", "command_success": false, "command_wall_clock_time": 0.16013312, "process_in_blocks": "0", "process_kernel_time": 0.128722, "process_mem_max_rss": "121569280", "process_out_blocks": "0", "process_user_time": 0.652343}
[0m13:54:02.028433 [debug] [MainThread]: Command `dbt debug` failed at 13:54:02.028397 after 0.16 seconds
[0m13:54:02.028555 [debug] [MainThread]: Connection 'debug' was properly closed.
[0m13:54:02.028681 [debug] [MainThread]: Sending event: {'category': 'dbt', 'action': 'invocation', 'label': 'end', 'context': [<snowplow_tracker.self_describing_json.SelfDescribingJson object at 0x1096c2060>, <snowplow_tracker.self_describing_json.SelfDescribingJson object at 0x109634ef0>, <snowplow_tracker.self_describing_json.SelfDescribingJson object at 0x1090bd480>]}
[0m13:54:02.028820 [debug] [MainThread]: Flushing usage events
[0m13:54:03.251237 [debug] [MainThread]: An error was encountered while trying to flush usage events
[0m14:03:14.676774 [debug] [MainThread]: Sending event: {'category': 'dbt', 'action': 'invocation', 'label': 'start', 'context': [<snowplow_tracker.self_describing_json.SelfDescribingJson object at 0x107f0fcb0>, <snowplow_tracker.self_describing_json.SelfDescribingJson object at 0x109437890>, <snowplow_tracker.self_describing_json.SelfDescribingJson object at 0x109437750>]}


============================== 14:03:14.678373 | 8a1ae990-ffb5-49f7-bf1b-191004bfaeb8 ==============================
[0m14:03:14.678373 [info ] [MainThread]: Running with dbt=1.10.9
[0m14:03:14.678606 [debug] [MainThread]: running dbt with arguments {'use_experimental_parser': 'False', 'profiles_dir': '/Users/tanvi/.dbt', 'send_anonymous_usage_stats': 'True', 'log_cache_events': 'False', 'debug': 'False', 'printer_width': '80', 'introspect': 'True', 'warn_error_options': 'WarnErrorOptionsV2(error=[], warn=[], silence=[])', 'log_path': 'logs', 'warn_error': 'None', 'partial_parse': 'True', 'no_print': 'None', 'write_json': 'True', 'fail_fast': 'False', 'invocation_command': 'dbt init netflix', 'use_colors': 'True', 'empty': 'None', 'indirect_selection': 'eager', 'version_check': 'True', 'quiet': 'False', 'log_format': 'default', 'static_parser': 'True', 'cache_selected_only': 'False', 'target_path': 'None'}
[0m14:03:14.683619 [debug] [MainThread]: Starter project path: /Users/tanvi/Library/Caches/pypoetry/virtualenvs/dbt-SJLpHL0Q-py3.13/lib/python3.13/site-packages/dbt/include/starter_project
[0m14:03:14.685992 [info ] [MainThread]: 
Your new dbt project "netflix" was created!

For more information on how to configure the profiles.yml file,
please consult the dbt documentation here:

  https://docs.getdbt.com/docs/configure-your-profile

One more thing:

Need help? Don't hesitate to reach out to us via GitHub issues or on Slack:

  https://community.getdbt.com/

Happy modeling!

[0m14:03:14.686128 [info ] [MainThread]: Setting up your profile.
[0m14:04:04.850361 [info ] [MainThread]: Profile netflix written to /Users/tanvi/.dbt/profiles.yml using target's profile_template.yml and your supplied values. Run 'dbt debug' to validate the connection.
[0m14:04:04.853544 [debug] [MainThread]: Resource report: {"command_name": "init", "command_success": true, "command_wall_clock_time": 50.1948, "process_in_blocks": "0", "process_kernel_time": 0.101043, "process_mem_max_rss": "107659264", "process_out_blocks": "0", "process_user_time": 0.616629}
[0m14:04:04.854029 [debug] [MainThread]: Command `dbt init` succeeded at 14:04:04.853942 after 50.20 seconds
[0m14:04:04.854317 [debug] [MainThread]: Sending event: {'category': 'dbt', 'action': 'invocation', 'label': 'end', 'context': [<snowplow_tracker.self_describing_json.SelfDescribingJson object at 0x1094e6ea0>, <snowplow_tracker.self_describing_json.SelfDescribingJson object at 0x108dd8ef0>, <snowplow_tracker.self_describing_json.SelfDescribingJson object at 0x1095209e0>]}
[0m14:04:04.854620 [debug] [MainThread]: Flushing usage events
[0m14:04:06.293762 [debug] [MainThread]: An error was encountered while trying to flush usage events
